621751
644641
668579
423067
286417
402745
374629
412396
387124
553362
423175
495986
511622
513953
549273
557545
410976
535036
518871
410777
569244
552178
658173
618382
655466
576761
562436
710675
789393
545866
593554
319094
652515
669303
517889
823474
766051
652637
848720
828586
794251
757448
86249
601311
610669
717897
607518
572938
663316
567590
499656
442170
434147
2779
406984
480194
585608
694511
806323
866805
854523
365066
449757
465769
2779
490257
512795
471024
436677
453327
409303
436100
518019
503516
521484
2779
487919
495689
379767
433302
382419
491872
451118
364863
294477
188971
2779
256957
447748
536326
557755
626204
950630
1036434
1058091
1005747
840054
2779
847680
78025
824776
813557
835712
858549
699421
807223
864113
892231
902635
2779
751919
854490
892651
909944
913545
768121
830668
859545
859312
782480
2779
801861
824815
799803
818007
818019
142248
240936
420463
561094
